<?xml version="1.0" encoding="UTF-8" ?>
<testsuite failures="0" time="6.099" errors="0" skipped="0" tests="36" name="thredds.server.sos.getObs.SOSgetObsTest">
  <properties>
[...]
</properties>
  <testcase time="0.039" classname="thredds.server.sos.getObs.SOSgetObsTest" name="testIncompleteMultiDimensionalMultipleProfiles"/>
  <testcase time="0.056" classname="thredds.server.sos.getObs.SOSgetObsTest" name="testOrthogonalMultiDimensionalMultipleProfiles"/>
  <testcase time="0.008" classname="thredds.server.sos.getObs.SOSgetObsTest" name="testMultiTimeSeriesProfileRequestInvalidDates"/>
  <testcase time="0.01" classname="thredds.server.sos.getObs.SOSgetObsTest" name="testTimeSeriesOrthogonalMultidimenstionalMultipleStations"/>
  <testcase time="0.012" classname="thredds.server.sos.getObs.SOSgetObsTest" name="testContiguousRaggedMultipleProfilesMultiTime3"/>
  <testcase time="0.012" classname="thredds.server.sos.getObs.SOSgetObsTest" name="testContiguousRaggedMultipleProfilesMultiTime"/>
  <testcase time="0.01" classname="thredds.server.sos.getObs.SOSgetObsTest" name="testContiguousRaggedMultipleProfilesMultiTime2"/>
  <testcase time="0.007" classname="thredds.server.sos.getObs.SOSgetObsTest" name="testenhanceMultiRaggedDataset"/>
  <testcase time="0.008" classname="thredds.server.sos.getObs.SOSgetObsTest" name="testMultiDimensionalSingleStations"/>
  <testcase time="0.008" classname="thredds.server.sos.getObs.SOSgetObsTest" name="testMultiDimensionalMultiStations"/>
  <testcase time="0.008" classname="thredds.server.sos.getObs.SOSgetObsTest" name="testContiguousRaggedMultipleProfiles"/>
  <testcase time="0.009" classname="thredds.server.sos.getObs.SOSgetObsTest" name="testIndexedRaggedMultipleProfiles"/>
  <testcase time="0.008" classname="thredds.server.sos.getObs.SOSgetObsTest" name="testOrthogonalSingleDimensionalSingleProfile"/>
  <testcase time="0.022" classname="thredds.server.sos.getObs.SOSgetObsTest" name="testMultiTimeCreateDataStruct3Stations"/>
  <testcase time="0.015" classname="thredds.server.sos.getObs.SOSgetObsTest" name="testMultiTimeCreateDataStruct"/>
  <testcase time="0.011" classname="thredds.server.sos.getObs.SOSgetObsTest" name="testTimeSeriesIncompleteDataMultiTimeInvalid"/>
  <testcase time="0.011" classname="thredds.server.sos.getObs.SOSgetObsTest" name="testTimeSeriesIncompleteDataMultiTime"/>
  <testcase time="0.007" classname="thredds.server.sos.getObs.SOSgetObsTest" name="testMultiTimeSeriesProfileRequest"/>
  <testcase time="0.007" classname="thredds.server.sos.getObs.SOSgetObsTest" name="testMultiDimensionalSingleStationsTimeTestT2"/>
  <testcase time="0.007" classname="thredds.server.sos.getObs.SOSgetObsTest" name="testMultiDimensionalSingleStationsTimeTestT1"/>
  <testcase time="0.008" classname="thredds.server.sos.getObs.SOSgetObsTest" name="testMultiDimensionalMultiStationsStation2"/>
  <testcase time="0.015" classname="thredds.server.sos.getObs.SOSgetObsTest" name="testMultiDimensionalMultiStation"/>
  <testcase time="0.217" classname="thredds.server.sos.getObs.SOSgetObsTest" name="testenhanceImeds1"/>
  <testcase time="0.116" classname="thredds.server.sos.getObs.SOSgetObsTest" name="testenhanceImeds4"/>
  <testcase time="0.012" classname="thredds.server.sos.getObs.SOSgetObsTest" name="testenhanceImeds5"/>
  <testcase time="0.322" classname="thredds.server.sos.getObs.SOSgetObsTest" name="testenhanceImeds6"/>
  <testcase time="0.364" classname="thredds.server.sos.getObs.SOSgetObsTest" name="testenhanceImeds7"/>
  <testcase time="0.331" classname="thredds.server.sos.getObs.SOSgetObsTest" name="testenhanceImeds8"/>
  <testcase time="0.685" classname="thredds.server.sos.getObs.SOSgetObsTest" name="testenhanceImeds9"/>
  <testcase time="0.236" classname="thredds.server.sos.getObs.SOSgetObsTest" name="testenhanceImeds10"/>
  <testcase time="0.244" classname="thredds.server.sos.getObs.SOSgetObsTest" name="testenhanceImeds11"/>
  <testcase time="1.668" classname="thredds.server.sos.getObs.SOSgetObsTest" name="testenhanceImeds13"/>
  <testcase time="1.247" classname="thredds.server.sos.getObs.SOSgetObsTest" name="testenhanceImeds14"/>
  <testcase time="0.341" classname="thredds.server.sos.getObs.SOSgetObsTest" name="testenhanceImeds15"/>
  <testcase time="0.006" classname="thredds.server.sos.getObs.SOSgetObsTest" name="testTimeSeriesIncomplete"/>
  <testcase time="0.008" classname="thredds.server.sos.getObs.SOSgetObsTest" name="testTimeSeriesIncompleteTime"/>
</testsuite>